This is pdfTeX, Version 3.141592653-2.6-1.40.23 (TeX Live 2021/W32TeX) (preloaded format=pdflatex 2021.9.30)  15 AUG 2023 20:06
entering extended mode
 restricted \write18 enabled.
 file:line:error style messages enabled.
 %&-line parsing enabled.
**c:/Users/Tokyo/Desktop/Clones/Multivariable-Calculus/main.tex
(c:/Users/Tokyo/Desktop/Clones/Multivariable-Calculus/main.tex
LaTeX2e <2021-06-01> patch level 1
L3 programming layer <2021-08-27> (c:/texlive/2021/texmf-dist/tex/latex/base/article.cls
Document Class: article 2021/02/12 v1.4n Standard LaTeX document class
(c:/texlive/2021/texmf-dist/tex/latex/base/size12.clo
File: size12.clo 2021/02/12 v1.4n Standard LaTeX file (size option)
)
\c@part=\count182
\c@section=\count183
\c@subsection=\count184
\c@subsubsection=\count185
\c@paragraph=\count186
\c@subparagraph=\count187
\c@figure=\count188
\c@table=\count189
\abovecaptionskip=\skip47
\belowcaptionskip=\skip48
\bibindent=\dimen138
) (./Packages/Packages.tex (c:/texlive/2021/texmf-dist/tex/latex/base/inputenc.sty
Package: inputenc 2021/02/14 v1.3d Input encoding file
\inpenc@prehook=\toks16
\inpenc@posthook=\toks17
) (c:/texlive/2021/texmf-dist/tex/generic/babel/babel.sty
Package: babel 2021/07/22 3.63 The Babel package
 (c:/texlive/2021/texmf-dist/tex/generic/babel/babel.def
File: babel.def 2021/07/22 3.63 Babel common definitions
\babel@savecnt=\count190
\U@D=\dimen139
\l@unhyphenated=\language87
 (c:/texlive/2021/texmf-dist/tex/generic/babel/txtbabel.def)
\bbl@readstream=\read2
)
\bbl@dirlevel=\count191
 (c:/texlive/2021/texmf-dist/tex/generic/babel-english/english.ldf
Language: english 2017/06/06 v3.3r English support from the babel system
Package babel Info: Hyphen rules for 'canadian' set to \l@english
(babel)             (\language0). Reported on input line 102.
Package babel Info: Hyphen rules for 'australian' set to \l@ukenglish
(babel)             (\language21). Reported on input line 105.
Package babel Info: Hyphen rules for 'newzealand' set to \l@ukenglish
(babel)             (\language21). Reported on input line 108.
)) (c:/texlive/2021/texmf-dist/tex/latex/moresize/moresize.sty
Package: moresize 1999/07/26 v1.9 (more font sizes)
) (c:/texlive/2021/texmf-dist/tex/latex/amsmath/amsmath.sty
Package: amsmath 2021/04/20 v2.17j AMS math features
\@mathmargin=\skip49

For additional information on amsmath, use the `?' option.
(c:/texlive/2021/texmf-dist/tex/latex/amsmath/amstext.sty
Package: amstext 2000/06/29 v2.01 AMS text
 (c:/texlive/2021/texmf-dist/tex/latex/amsmath/amsgen.sty
File: amsgen.sty 1999/11/30 v2.0 generic functions
\@emptytoks=\toks18
\ex@=\dimen140
)) (c:/texlive/2021/texmf-dist/tex/latex/amsmath/amsbsy.sty
Package: amsbsy 1999/11/29 v1.2d Bold Symbols
\pmbraise@=\dimen141
) (c:/texlive/2021/texmf-dist/tex/latex/amsmath/amsopn.sty
Package: amsopn 2016/03/08 v2.02 operator names
)
\inf@bad=\count192
LaTeX Info: Redefining \frac on input line 234.
\uproot@=\count193
\leftroot@=\count194
LaTeX Info: Redefining \overline on input line 399.
\classnum@=\count195
\DOTSCASE@=\count196
LaTeX Info: Redefining \ldots on input line 496.
LaTeX Info: Redefining \dots on input line 499.
LaTeX Info: Redefining \cdots on input line 620.
\Mathstrutbox@=\box50
\strutbox@=\box51
\big@size=\dimen142
LaTeX Font Info:    Redeclaring font encoding OML on input line 743.
LaTeX Font Info:    Redeclaring font encoding OMS on input line 744.
\macc@depth=\count197
\c@MaxMatrixCols=\count198
\dotsspace@=\muskip16
\c@parentequation=\count199
\dspbrk@lvl=\count266
\tag@help=\toks19
\row@=\count267
\column@=\count268
\maxfields@=\count269
\andhelp@=\toks20
\eqnshift@=\dimen143
\alignsep@=\dimen144
\tagshift@=\dimen145
\tagwidth@=\dimen146
\totwidth@=\dimen147
\lineht@=\dimen148
\@envbody=\toks21
\multlinegap=\skip50
\multlinetaggap=\skip51
\mathdisplay@stack=\toks22
LaTeX Info: Redefining \[ on input line 2923.
LaTeX Info: Redefining \] on input line 2924.
) (c:/texlive/2021/texmf-dist/tex/latex/mathtools/mathtools.sty
Package: mathtools 2021/04/12 v1.27 mathematical typesetting tools
 (c:/texlive/2021/texmf-dist/tex/latex/graphics/keyval.sty
Package: keyval 2014/10/28 v1.15 key=value parser (DPC)
\KV@toks@=\toks23
) (c:/texlive/2021/texmf-dist/tex/latex/tools/calc.sty
Package: calc 2017/05/25 v4.3 Infix arithmetic (KKT,FJ)
\calc@Acount=\count270
\calc@Bcount=\count271
\calc@Adimen=\dimen149
\calc@Bdimen=\dimen150
\calc@Askip=\skip52
\calc@Bskip=\skip53
LaTeX Info: Redefining \setlength on input line 80.
LaTeX Info: Redefining \addtolength on input line 81.
\calc@Ccount=\count272
\calc@Cskip=\skip54
) (c:/texlive/2021/texmf-dist/tex/latex/mathtools/mhsetup.sty
Package: mhsetup 2021/03/18 v1.4 programming setup (MH)
)
LaTeX Info: Thecontrolsequence`\('isalreadyrobust on input line 130.
LaTeX Info: Thecontrolsequence`\)'isalreadyrobust on input line 130.
LaTeX Info: Thecontrolsequence`\['isalreadyrobust on input line 130.
LaTeX Info: Thecontrolsequence`\]'isalreadyrobust on input line 130.
\g_MT_multlinerow_int=\count273
\l_MT_multwidth_dim=\dimen151
\origjot=\skip55
\l_MT_shortvdotswithinadjustabove_dim=\dimen152
\l_MT_shortvdotswithinadjustbelow_dim=\dimen153
\l_MT_above_intertext_sep=\dimen154
\l_MT_below_intertext_sep=\dimen155
\l_MT_above_shortintertext_sep=\dimen156
\l_MT_below_shortintertext_sep=\dimen157
\xmathstrut@box=\box52
\xmathstrut@dim=\dimen158
) (c:/texlive/2021/texmf-dist/tex/latex/amsfonts/amsfonts.sty
Package: amsfonts 2013/01/14 v3.01 Basic AMSFonts support
\symAMSa=\mathgroup4
\symAMSb=\mathgroup5
LaTeX Font Info:    Redeclaring math symbol \hbar on input line 98.
LaTeX Font Info:    Overwriting math alphabet `\mathfrak' in version `bold'
(Font)                  U/euf/m/n --> U/euf/b/n on input line 106.
) (c:/texlive/2021/texmf-dist/tex/latex/esint/esint.sty
Package: esint 
\symlargesymbolsA=\mathgroup6
) (c:/texlive/2021/texmf-dist/tex/latex/base/latexsym.sty
Package: latexsym 1998/08/17 v2.2e Standard LaTeX package (lasy symbols)
\symlasy=\mathgroup7
LaTeX Font Info:    Overwriting symbol font `lasy' in version `bold'
(Font)                  U/lasy/m/n --> U/lasy/b/n on input line 52.
) (c:/texlive/2021/texmf-dist/tex/latex/hyperref/hyperref.sty
Package: hyperref 2021-06-07 v7.00m Hypertext links for LaTeX
 (c:/texlive/2021/texmf-dist/tex/generic/ltxcmds/ltxcmds.sty
Package: ltxcmds 2020-05-10 v1.25 LaTeX kernel commands for general use (HO)
) (c:/texlive/2021/texmf-dist/tex/generic/iftex/iftex.sty
Package: iftex 2020/03/06 v1.0d TeX engine tests
) (c:/texlive/2021/texmf-dist/tex/generic/pdftexcmds/pdftexcmds.sty
Package: pdftexcmds 2020-06-27 v0.33 Utility functions of pdfTeX for LuaTeX (HO)
 (c:/texlive/2021/texmf-dist/tex/generic/infwarerr/infwarerr.sty
Package: infwarerr 2019/12/03 v1.5 Providing info/warning/error messages (HO)
)
Package pdftexcmds Info: \pdf@primitive is available.
Package pdftexcmds Info: \pdf@ifprimitive is available.
Package pdftexcmds Info: \pdfdraftmode found.
) (c:/texlive/2021/texmf-dist/tex/generic/kvsetkeys/kvsetkeys.sty
Package: kvsetkeys 2019/12/15 v1.18 Key value parser (HO)
) (c:/texlive/2021/texmf-dist/tex/generic/kvdefinekeys/kvdefinekeys.sty
Package: kvdefinekeys 2019-12-19 v1.6 Define keys (HO)
) (c:/texlive/2021/texmf-dist/tex/generic/pdfescape/pdfescape.sty
Package: pdfescape 2019/12/09 v1.15 Implements pdfTeX's escape features (HO)
) (c:/texlive/2021/texmf-dist/tex/latex/hycolor/hycolor.sty
Package: hycolor 2020-01-27 v1.10 Color options for hyperref/bookmark (HO)
) (c:/texlive/2021/texmf-dist/tex/latex/letltxmacro/letltxmacro.sty
Package: letltxmacro 2019/12/03 v1.6 Let assignment for LaTeX macros (HO)
) (c:/texlive/2021/texmf-dist/tex/latex/auxhook/auxhook.sty
Package: auxhook 2019-12-17 v1.6 Hooks for auxiliary files (HO)
) (c:/texlive/2021/texmf-dist/tex/latex/kvoptions/kvoptions.sty
Package: kvoptions 2020-10-07 v3.14 Key value format for package options (HO)
)
\@linkdim=\dimen159
\Hy@linkcounter=\count274
\Hy@pagecounter=\count275
 (c:/texlive/2021/texmf-dist/tex/latex/hyperref/pd1enc.def
File: pd1enc.def 2021-06-07 v7.00m Hyperref: PDFDocEncoding definition (HO)
Now handling font encoding PD1 ...
... no UTF-8 mapping file for font encoding PD1
) (c:/texlive/2021/texmf-dist/tex/latex/hyperref/hyperref-langpatches.def
File: hyperref-langpatches.def 2021-06-07 v7.00m Hyperref: patches for babel languages
) (c:/texlive/2021/texmf-dist/tex/generic/intcalc/intcalc.sty
Package: intcalc 2019/12/15 v1.3 Expandable calculations with integers (HO)
) (c:/texlive/2021/texmf-dist/tex/generic/etexcmds/etexcmds.sty
Package: etexcmds 2019/12/15 v1.7 Avoid name clashes with e-TeX commands (HO)
)
\Hy@SavedSpaceFactor=\count276
 (c:/texlive/2021/texmf-dist/tex/latex/hyperref/puenc.def
File: puenc.def 2021-06-07 v7.00m Hyperref: PDF Unicode definition (HO)
Now handling font encoding PU ...
... no UTF-8 mapping file for font encoding PU
)
Package hyperref Info: Hyper figures OFF on input line 4192.
Package hyperref Info: Link nesting OFF on input line 4197.
Package hyperref Info: Hyper index ON on input line 4200.
Package hyperref Info: Plain pages OFF on input line 4207.
Package hyperref Info: Backreferencing OFF on input line 4212.
Package hyperref Info: Implicit mode ON; LaTeX internals redefined.
Package hyperref Info: Bookmarks ON on input line 4445.
\c@Hy@tempcnt=\count277
 (c:/texlive/2021/texmf-dist/tex/latex/url/url.sty
\Urlmuskip=\muskip17
Package: url 2013/09/16  ver 3.4  Verb mode for urls, etc.
)
LaTeX Info: Redefining \url on input line 4804.
\XeTeXLinkMargin=\dimen160
 (c:/texlive/2021/texmf-dist/tex/generic/bitset/bitset.sty
Package: bitset 2019/12/09 v1.3 Handle bit-vector datatype (HO)
 (c:/texlive/2021/texmf-dist/tex/generic/bigintcalc/bigintcalc.sty
Package: bigintcalc 2019/12/15 v1.5 Expandable calculations on big integers (HO)
))
\Fld@menulength=\count278
\Field@Width=\dimen161
\Fld@charsize=\dimen162
Package hyperref Info: Hyper figures OFF on input line 6076.
Package hyperref Info: Link nesting OFF on input line 6081.
Package hyperref Info: Hyper index ON on input line 6084.
Package hyperref Info: backreferencing OFF on input line 6091.
Package hyperref Info: Link coloring OFF on input line 6096.
Package hyperref Info: Link coloring with OCG OFF on input line 6101.
Package hyperref Info: PDF/A mode OFF on input line 6106.
LaTeX Info: Redefining \ref on input line 6146.
LaTeX Info: Redefining \pageref on input line 6150.
 (c:/texlive/2021/texmf-dist/tex/latex/base/atbegshi-ltx.sty
Package: atbegshi-ltx 2021/01/10 v1.0c Emulation of the original atbegshi
package with kernel methods
)
\Hy@abspage=\count279
\c@Item=\count280
\c@Hfootnote=\count281
)
Package hyperref Info: Driver (autodetected): hpdftex.
 (c:/texlive/2021/texmf-dist/tex/latex/hyperref/hpdftex.def
File: hpdftex.def 2021-06-07 v7.00m Hyperref driver for pdfTeX
 (c:/texlive/2021/texmf-dist/tex/latex/base/atveryend-ltx.sty
Package: atveryend-ltx 2020/08/19 v1.0a Emulation of the original atvery package
with kernel methods
)
\Fld@listcount=\count282
\c@bookmark@seq@number=\count283
 (c:/texlive/2021/texmf-dist/tex/latex/rerunfilecheck/rerunfilecheck.sty
Package: rerunfilecheck 2019/12/05 v1.9 Rerun checks for auxiliary files (HO)
 (c:/texlive/2021/texmf-dist/tex/generic/uniquecounter/uniquecounter.sty
Package: uniquecounter 2019/12/15 v1.4 Provide unlimited unique counter (HO)
)
Package uniquecounter Info: New unique counter `rerunfilecheck' on input line 286.
)
\Hy@SectionHShift=\skip56
) (c:/texlive/2021/texmf-dist/tex/latex/lastpage/lastpage.sty
Package: lastpage 2021/09/03 v1.2n Refers to last page's name (HMM; JPG)
) (c:/texlive/2021/texmf-dist/tex/latex/fancyhdr/fancyhdr.sty
Package: fancyhdr 2021/01/28 v4.0.1 Extensive control of page headers and footers
\f@nch@headwidth=\skip57
\f@nch@O@elh=\skip58
\f@nch@O@erh=\skip59
\f@nch@O@olh=\skip60
\f@nch@O@orh=\skip61
\f@nch@O@elf=\skip62
\f@nch@O@erf=\skip63
\f@nch@O@olf=\skip64
\f@nch@O@orf=\skip65
) (c:/texlive/2021/texmf-dist/tex/latex/setspace/setspace.sty
Package: setspace 2011/12/19 v6.7a set line spacing
) (c:/texlive/2021/texmf-dist/tex/latex/paralist/paralist.sty
Package: paralist 2017/01/22 v2.7 Extended list environments
\pltopsep=\skip66
\plpartopsep=\skip67
\plitemsep=\skip68
\plparsep=\skip69
\pl@lab=\toks24
) (c:/texlive/2021/texmf-dist/tex/latex/enumitem/enumitem.sty
Package: enumitem 2019/06/20 v3.9 Customized lists
\labelindent=\skip70
\enit@outerparindent=\dimen163
\enit@toks=\toks25
\enit@inbox=\box53
\enit@count@id=\count284
\enitdp@description=\count285
) (c:/texlive/2021/texmf-dist/tex/latex/tools/array.sty
Package: array 2021/04/20 v2.5e Tabular extension package (FMi)
\col@sep=\dimen164
\ar@mcellbox=\box54
\extrarowheight=\dimen165
\NC@list=\toks26
\extratabsurround=\skip71
\backup@length=\skip72
\ar@cellbox=\box55
) (c:/texlive/2021/texmf-dist/tex/latex/graphics/graphicx.sty
Package: graphicx 2020/12/05 v1.2c Enhanced LaTeX Graphics (DPC,SPQR)
 (c:/texlive/2021/texmf-dist/tex/latex/graphics/graphics.sty
Package: graphics 2021/03/04 v1.4d Standard LaTeX Graphics (DPC,SPQR)
 (c:/texlive/2021/texmf-dist/tex/latex/graphics/trig.sty
Package: trig 2016/01/03 v1.10 sin cos tan (DPC)
) (c:/texlive/2021/texmf-dist/tex/latex/graphics-cfg/graphics.cfg
File: graphics.cfg 2016/06/04 v1.11 sample graphics configuration
)
Package graphics Info: Driver file: pdftex.def on input line 107.
 (c:/texlive/2021/texmf-dist/tex/latex/graphics-def/pdftex.def
File: pdftex.def 2020/10/05 v1.2a Graphics/color driver for pdftex
))
\Gin@req@height=\dimen166
\Gin@req@width=\dimen167
) (c:/texlive/2021/texmf-dist/tex/latex/xcolor/xcolor.sty
Package: xcolor 2016/05/11 v2.12 LaTeX color extensions (UK)
 (c:/texlive/2021/texmf-dist/tex/latex/graphics-cfg/color.cfg
File: color.cfg 2016/01/02 v1.6 sample color configuration
)
Package xcolor Info: Driver file: pdftex.def on input line 225.
Package xcolor Info: Model `cmy' substituted by `cmy0' on input line 1348.
Package xcolor Info: Model `hsb' substituted by `rgb' on input line 1352.
Package xcolor Info: Model `RGB' extended on input line 1364.
Package xcolor Info: Model `HTML' substituted by `rgb' on input line 1366.
Package xcolor Info: Model `Hsb' substituted by `hsb' on input line 1367.
Package xcolor Info: Model `tHsb' substituted by `hsb' on input line 1368.
Package xcolor Info: Model `HSB' substituted by `hsb' on input line 1369.
Package xcolor Info: Model `Gray' substituted by `gray' on input line 1370.
Package xcolor Info: Model `wave' substituted by `hsb' on input line 1371.
) (c:/texlive/2021/texmf-dist/tex/latex/colortbl/colortbl.sty
Package: colortbl 2020/01/04 v1.0e Color table columns (DPC)
\everycr=\toks27
\minrowclearance=\skip73
) (c:/texlive/2021/texmf-dist/tex/latex/geometry/geometry.sty
Package: geometry 2020/01/02 v5.9 Page Geometry
 (c:/texlive/2021/texmf-dist/tex/generic/iftex/ifvtex.sty
Package: ifvtex 2019/10/25 v1.7 ifvtex legacy package. Use iftex instead.
)
\Gm@cnth=\count286
\Gm@cntv=\count287
\c@Gm@tempcnt=\count288
\Gm@bindingoffset=\dimen168
\Gm@wd@mp=\dimen169
\Gm@odd@mp=\dimen170
\Gm@even@mp=\dimen171
\Gm@layoutwidth=\dimen172
\Gm@layoutheight=\dimen173
\Gm@layouthoffset=\dimen174
\Gm@layoutvoffset=\dimen175
\Gm@dimlist=\toks28
) (c:/texlive/2021/texmf-dist/tex/latex/adjustbox/adjustbox.sty
Package: adjustbox 2020/08/19 v1.3 Adjusting TeX boxes (trim, clip, ...)
 (c:/texlive/2021/texmf-dist/tex/latex/xkeyval/xkeyval.sty
Package: xkeyval 2020/11/20 v2.8 package option processing (HA)
 (c:/texlive/2021/texmf-dist/tex/generic/xkeyval/xkeyval.tex (c:/texlive/2021/texmf-dist/tex/generic/xkeyval/xkvutils.tex
\XKV@toks=\toks29
\XKV@tempa@toks=\toks30
)
\XKV@depth=\count289
File: xkeyval.tex 2014/12/03 v2.7a key=value parser (HA)
)) (c:/texlive/2021/texmf-dist/tex/latex/adjustbox/adjcalc.sty
Package: adjcalc 2012/05/16 v1.1 Provides advanced setlength with multiple back-ends (calc, etex, pgfmath)
) (c:/texlive/2021/texmf-dist/tex/latex/adjustbox/trimclip.sty
Package: trimclip 2020/08/19 v1.2 Trim and clip general TeX material
 (c:/texlive/2021/texmf-dist/tex/latex/collectbox/collectbox.sty
Package: collectbox 2012/05/17 v0.4b Collect macro arguments as boxes
\collectedbox=\box56
)
\tc@llx=\dimen176
\tc@lly=\dimen177
\tc@urx=\dimen178
\tc@ury=\dimen179
Package trimclip Info: Using driver 'tc-pdftex.def'.
 (c:/texlive/2021/texmf-dist/tex/latex/adjustbox/tc-pdftex.def
File: tc-pdftex.def 2019/01/04 v2.2 Clipping driver for pdftex
))
\adjbox@Width=\dimen180
\adjbox@Height=\dimen181
\adjbox@Depth=\dimen182
\adjbox@Totalheight=\dimen183
\adjbox@pwidth=\dimen184
\adjbox@pheight=\dimen185
\adjbox@pdepth=\dimen186
\adjbox@ptotalheight=\dimen187
 (c:/texlive/2021/texmf-dist/tex/latex/ifoddpage/ifoddpage.sty
Package: ifoddpage 2016/04/23 v1.1 Conditionals for odd/even page detection
\c@checkoddpage=\count290
) (c:/texlive/2021/texmf-dist/tex/latex/varwidth/varwidth.sty
Package: varwidth 2009/03/30 ver 0.92;  Variable-width minipages
\@vwid@box=\box57
\sift@deathcycles=\count291
\@vwid@loff=\dimen188
\@vwid@roff=\dimen189
)) (c:/texlive/2021/texmf-dist/tex/latex/boxedminipage/boxedminipage.sty
Package: boxedminipage 2020/04/19 v1.1 Boxed LaTeX2e minipages
\bmp@box=\box58
\bmp@width=\skip74
\bmp@height=\skip75
) (c:/texlive/2021/texmf-dist/tex/latex/cancel/cancel.sty
Package: cancel 2013/04/12 v2.2 Cancel math terms
) (c:/texlive/2021/texmf-dist/tex/latex/jknapltx/mathrsfs.sty
Package: mathrsfs 1996/01/01 Math RSFS package v1.0 (jk)
\symrsfs=\mathgroup8
)
\c@total=\count292
) (c:/texlive/2021/texmf-dist/tex/latex/l3backend/l3backend-pdftex.def
File: l3backend-pdftex.def 2021-08-04 L3 backend support: PDF output (pdfTeX)
\l__color_backend_stack_int=\count293
\l__pdf_internal_box=\box59
) (./main.aux)
\openout1 = `main.aux'.

LaTeX Font Info:    Checking defaults for OML/cmm/m/it on input line 10.
LaTeX Font Info:    ... okay on input line 10.
LaTeX Font Info:    Checking defaults for OMS/cmsy/m/n on input line 10.
LaTeX Font Info:    ... okay on input line 10.
LaTeX Font Info:    Checking defaults for OT1/cmr/m/n on input line 10.
LaTeX Font Info:    ... okay on input line 10.
LaTeX Font Info:    Checking defaults for T1/cmr/m/n on input line 10.
LaTeX Font Info:    ... okay on input line 10.
LaTeX Font Info:    Checking defaults for TS1/cmr/m/n on input line 10.
LaTeX Font Info:    ... okay on input line 10.
LaTeX Font Info:    Checking defaults for OMX/cmex/m/n on input line 10.
LaTeX Font Info:    ... okay on input line 10.
LaTeX Font Info:    Checking defaults for U/cmr/m/n on input line 10.
LaTeX Font Info:    ... okay on input line 10.
LaTeX Font Info:    Checking defaults for PD1/pdf/m/n on input line 10.
LaTeX Font Info:    ... okay on input line 10.
LaTeX Font Info:    Checking defaults for PU/pdf/m/n on input line 10.
LaTeX Font Info:    ... okay on input line 10.
Package hyperref Info: Link coloring OFF on input line 10.
 (c:/texlive/2021/texmf-dist/tex/latex/hyperref/nameref.sty
Package: nameref 2021-04-02 v2.47 Cross-referencing by name of section
 (c:/texlive/2021/texmf-dist/tex/latex/refcount/refcount.sty
Package: refcount 2019/12/15 v3.6 Data extraction from label references (HO)
) (c:/texlive/2021/texmf-dist/tex/generic/gettitlestring/gettitlestring.sty
Package: gettitlestring 2019/12/15 v1.6 Cleanup title references (HO)
)
\c@section@level=\count294
)
LaTeX Info: Redefining \ref on input line 10.
LaTeX Info: Redefining \pageref on input line 10.
LaTeX Info: Redefining \nameref on input line 10.
 (./main.out) (./main.out)
\@outlinefile=\write3
\openout3 = `main.out'.

Package lastpage Info: Please have a look at the pageslts package at
(lastpage)             https://www.ctan.org/pkg/pageslts
(lastpage)             ! on input line 10.
 (c:/texlive/2021/texmf-dist/tex/context/base/mkii/supp-pdf.mkii
[Loading MPS to PDF converter (version 2006.09.02).]
\scratchcounter=\count295
\scratchdimen=\dimen190
\scratchbox=\box60
\nofMPsegments=\count296
\nofMParguments=\count297
\everyMPshowfont=\toks31
\MPscratchCnt=\count298
\MPscratchDim=\dimen191
\MPnumerator=\count299
\makeMPintoPDFobject=\count300
\everyMPtoPDFconversion=\toks32
) (c:/texlive/2021/texmf-dist/tex/latex/epstopdf-pkg/epstopdf-base.sty
Package: epstopdf-base 2020-01-24 v2.11 Base part for package epstopdf
Package epstopdf-base Info: Redefining graphics rule for `.eps' on input line 485.
 (c:/texlive/2021/texmf-dist/tex/latex/latexconfig/epstopdf-sys.cfg
File: epstopdf-sys.cfg 2010/07/13 v1.3 Configuration of (r)epstopdf for TeX Live
))
*geometry* driver: auto-detecting
*geometry* detected driver: pdftex
*geometry* verbose mode - [ preamble ] result:
* driver: pdftex
* paper: a4paper
* layout: <same size as paper>
* layoutoffset:(h,v)=(0.0pt,0.0pt)
* modes: 
* h-part:(L,W,R)=(85.35826pt, 426.79135pt, 85.35826pt)
* v-part:(T,H,B)=(71.13188pt, 702.78308pt, 71.13188pt)
* \paperwidth=597.50787pt
* \paperheight=845.04684pt
* \textwidth=426.79135pt
* \textheight=702.78308pt
* \oddsidemargin=13.08827pt
* \evensidemargin=13.08827pt
* \topmargin=-38.1381pt
* \headheight=15.0pt
* \headsep=25.0pt
* \topskip=12.0pt
* \footskip=30.0pt
* \marginparwidth=35.0pt
* \marginparsep=10.0pt
* \columnsep=10.0pt
* \skip\footins=10.8pt plus 4.0pt minus 2.0pt
* \hoffset=0.0pt
* \voffset=0.0pt
* \mag=1000
* \@twocolumnfalse
* \@twosidefalse
* \@mparswitchfalse
* \@reversemarginfalse
* (1in=72.27pt=25.4mm, 1cm=28.453pt)

LaTeX Font Info:    Trying to load font information for U+msa on input line 12.
(c:/texlive/2021/texmf-dist/tex/latex/amsfonts/umsa.fd
File: umsa.fd 2013/01/14 v3.01 AMS symbols A
)
LaTeX Font Info:    Trying to load font information for U+msb on input line 12.
 (c:/texlive/2021/texmf-dist/tex/latex/amsfonts/umsb.fd
File: umsb.fd 2013/01/14 v3.01 AMS symbols B
)
LaTeX Font Info:    Trying to load font information for U+esint on input line 12.
 (c:/texlive/2021/texmf-dist/tex/latex/esint/uesint.fd
File: uesint.fd 
)
LaTeX Font Info:    Trying to load font information for U+lasy on input line 12.
 (c:/texlive/2021/texmf-dist/tex/latex/base/ulasy.fd
File: ulasy.fd 1998/08/17 v2.2e LaTeX symbol font definitions
)
LaTeX Font Info:    Trying to load font information for U+rsfs on input line 12.
 (c:/texlive/2021/texmf-dist/tex/latex/jknapltx/ursfs.fd
File: ursfs.fd 1998/03/24 rsfs font definition file (jk)
) [1

{c:/texlive/2021/texmf-var/fonts/map/pdftex/updmap/pdftex.map}] (./main.toc)
\tf@toc=\write4
\openout4 = `main.toc'.

 (./Content/C1.tex [2]
LaTeX Font Info:    Trying to load font information for OMS+cmr on input line 27.
 (c:/texlive/2021/texmf-dist/tex/latex/base/omscmr.fd
File: omscmr.fd 2019/12/16 v2.5j Standard LaTeX font definitions
)
LaTeX Font Info:    Font shape `OMS/cmr/m/n' in size <12> not available
(Font)              Font shape `OMS/cmsy/m/n' tried instead on input line 27.
<Images/1.1.1.png, id=168, 332.74312pt x 332.74312pt>
File: Images/1.1.1.png Graphic file (type png)
<use Images/1.1.1.png>
Package pdftex.def Info: Images/1.1.1.png  used on input line 103.
(pdftex.def)             Requested size: 133.09488pt x 133.09488pt.

Overfull \hbox (14.22635pt too wide) in paragraph at lines 116--116
[] 
 []


Overfull \hbox (14.22635pt too wide) in paragraph at lines 128--128
[] 
 []

[3 <./Images/1.1.1.png>]
Overfull \hbox (14.22635pt too wide) in paragraph at lines 139--139
[] 
 []


Overfull \hbox (14.22635pt too wide) in paragraph at lines 148--148
[] 
 []


Overfull \hbox (14.22635pt too wide) in paragraph at lines 157--157
[] 
 []


Overfull \hbox (14.22635pt too wide) in paragraph at lines 171--171
[] 
 []


Overfull \hbox (14.22636pt too wide) in paragraph at lines 248--248
[] 
 []

[4]
Overfull \hbox (14.22635pt too wide) in paragraph at lines 307--307
[] 
 []


Overfull \hbox (14.22635pt too wide) in paragraph at lines 320--320
[] 
 []


Overfull \hbox (14.22635pt too wide) in paragraph at lines 329--329
[] 
 []


Overfull \hbox (14.22635pt too wide) in paragraph at lines 341--341
[] 
 []


Overfull \hbox (14.22635pt too wide) in paragraph at lines 353--353
[] 
 []


Overfull \hbox (14.22635pt too wide) in paragraph at lines 366--366
[] 
 []


Overfull \hbox (14.22636pt too wide) in paragraph at lines 397--397
[] 
 []


Overfull \hbox (14.22636pt too wide) in paragraph at lines 416--416
[] 
 []

[5]
Overfull \hbox (14.22636pt too wide) in paragraph at lines 448--448
[] 
 []

<Images/1.1.7.png, id=206, 393.72093pt x 389.95688pt>
File: Images/1.1.7.png Graphic file (type png)
<use Images/1.1.7.png>
Package pdftex.def Info: Images/1.1.7.png  used on input line 452.
(pdftex.def)             Requested size: 157.48558pt x 155.97998pt.

Overfull \hbox (14.22636pt too wide) in paragraph at lines 476--476
[] 
 []


Overfull \hbox (14.22636pt too wide) in paragraph at lines 519--519
[] 
 []


Overfull \hbox (14.22636pt too wide) in paragraph at lines 540--540
[] 
 []

[6 <./Images/1.1.7.png>]
Overfull \hbox (14.22635pt too wide) in paragraph at lines 612--612
[] 
 []


Overfull \hbox (14.22635pt too wide) in paragraph at lines 685--685
[] 
 []


Overfull \hbox (14.22635pt too wide) in paragraph at lines 697--697
[] 
 []


Overfull \hbox (14.22635pt too wide) in paragraph at lines 745--745
[] 
 []


Overfull \hbox (14.22635pt too wide) in paragraph at lines 760--760
[] 
 []

[7]
Overfull \hbox (14.22636pt too wide) in paragraph at lines 815--815
[] 
 []


Overfull \hbox (14.22636pt too wide) in paragraph at lines 834--834
[] 
 []


Overfull \hbox (14.22636pt too wide) in paragraph at lines 885--885
[] 
 []

[8]
Overfull \hbox (14.22636pt too wide) in paragraph at lines 912--912
[] 
 []

<Images/1.3.5.png, id=226, 393.72093pt x 393.72093pt>
File: Images/1.3.5.png Graphic file (type png)
<use Images/1.3.5.png>
Package pdftex.def Info: Images/1.3.5.png  used on input line 916.
(pdftex.def)             Requested size: 157.48558pt x 157.48558pt.

Overfull \hbox (14.22636pt too wide) in paragraph at lines 948--948
[] 
 []

<Images/1.3.6.png, id=227, 510.40688pt x 510.40688pt>
File: Images/1.3.6.png Graphic file (type png)
<use Images/1.3.6.png>
Package pdftex.def Info: Images/1.3.6.png  used on input line 952.
(pdftex.def)             Requested size: 153.12323pt x 153.12323pt.
[9 <./Images/1.3.5.png> <./Images/1.3.6.png>]
Overfull \hbox (14.22636pt too wide) in paragraph at lines 983--983
[] 
 []

<Images/1.4.1.png, id=234, 510.40688pt x 510.40688pt>
File: Images/1.4.1.png Graphic file (type png)
<use Images/1.4.1.png>
Package pdftex.def Info: Images/1.4.1.png  used on input line 987.
(pdftex.def)             Requested size: 153.12323pt x 153.12323pt.

Overfull \hbox (14.22636pt too wide) in paragraph at lines 1010--1010
[] 
 []

<Images/1.4.2.png, id=235, 510.40688pt x 510.40688pt>
File: Images/1.4.2.png Graphic file (type png)
<use Images/1.4.2.png>
Package pdftex.def Info: Images/1.4.2.png  used on input line 1014.
(pdftex.def)             Requested size: 153.12323pt x 153.12323pt.
[10 <./Images/1.4.1.png> <./Images/1.4.2.png>]
Overfull \hbox (14.22636pt too wide) in paragraph at lines 1047--1047
[] 
 []

<Images/1.4.3.png, id=242, 510.40688pt x 510.40688pt>
File: Images/1.4.3.png Graphic file (type png)
<use Images/1.4.3.png>
Package pdftex.def Info: Images/1.4.3.png  used on input line 1051.
(pdftex.def)             Requested size: 153.12323pt x 153.12323pt.

Overfull \hbox (14.22636pt too wide) in paragraph at lines 1087--1087
[] 
 []

<Images/1.4.4.png, id=243, 510.40688pt x 510.40688pt>
File: Images/1.4.4.png Graphic file (type png)
<use Images/1.4.4.png>
Package pdftex.def Info: Images/1.4.4.png  used on input line 1091.
(pdftex.def)             Requested size: 153.12323pt x 153.12323pt.
[11 <./Images/1.4.3.png> <./Images/1.4.4.png>]
Overfull \hbox (14.22636pt too wide) in paragraph at lines 1121--1121
[] 
 []

<Images/1.4.5.png, id=250, 510.40688pt x 510.40688pt>
File: Images/1.4.5.png Graphic file (type png)
<use Images/1.4.5.png>
Package pdftex.def Info: Images/1.4.5.png  used on input line 1125.
(pdftex.def)             Requested size: 153.12323pt x 153.12323pt.
[12 <./Images/1.4.5.png>]
Overfull \hbox (37.83517pt too wide) in paragraph at lines 1210--1233
[]$[] \OT1/cmr/m/n/10 + []$ = $[]$ 
 []


Overfull \hbox (49.49304pt too wide) in paragraph at lines 1266--1307
[]$[] []$ \OT1/cmr/m/n/12 = $[]$ 
 []


Overfull \hbox (14.22635pt too wide) in paragraph at lines 1319--1319
[] 
 []


Overfull \hbox (14.22635pt too wide) in paragraph at lines 1326--1326
[] 
 []


Overfull \hbox (14.22635pt too wide) in paragraph at lines 1333--1333
[] 
 []


Overfull \hbox (14.22635pt too wide) in paragraph at lines 1341--1341
[] 
 []


Overfull \hbox (14.22635pt too wide) in paragraph at lines 1349--1349
[] 
 []


Overfull \hbox (14.22635pt too wide) in paragraph at lines 1360--1360
[] 
 []

[13]
Overfull \hbox (14.22635pt too wide) in paragraph at lines 1386--1386
[] 
 []


Overfull \hbox (14.22635pt too wide) in paragraph at lines 1406--1406
[] 
 []


Overfull \hbox (14.22635pt too wide) in paragraph at lines 1424--1424
[] 
 []


Overfull \hbox (14.22635pt too wide) in paragraph at lines 1444--1444
[] 
 []

[14]
Overfull \hbox (14.22635pt too wide) in paragraph at lines 1501--1501
[] 
 []


Overfull \hbox (14.22635pt too wide) in paragraph at lines 1517--1517
[] 
 []


Overfull \hbox (14.22635pt too wide) in paragraph at lines 1526--1526
[] 
 []


Overfull \hbox (14.22636pt too wide) in paragraph at lines 1579--1579
[] 
 []

[15]
Overfull \hbox (14.22636pt too wide) in paragraph at lines 1690--1690
[] 
 []

[16]
Overfull \hbox (14.22636pt too wide) in paragraph at lines 1750--1750
[] 
 []

<Images/1.6.1.png, id=292, 510.40688pt x 510.40688pt>
File: Images/1.6.1.png Graphic file (type png)
<use Images/1.6.1.png>
Package pdftex.def Info: Images/1.6.1.png  used on input line 1799.
(pdftex.def)             Requested size: 153.12323pt x 153.12323pt.

Overfull \hbox (14.22636pt too wide) in paragraph at lines 1812--1812
[] 
 []

[17 <./Images/1.6.1.png>]
<Images/1.6.2.png, id=298, 510.40688pt x 510.40688pt>
File: Images/1.6.2.png Graphic file (type png)
<use Images/1.6.2.png>
Package pdftex.def Info: Images/1.6.2.png  used on input line 1837.
(pdftex.def)             Requested size: 153.12323pt x 153.12323pt.

Overfull \hbox (14.22636pt too wide) in paragraph at lines 1856--1856
[] 
 []

<Images/1.6.3.png, id=299, 510.40688pt x 510.40688pt>
File: Images/1.6.3.png Graphic file (type png)
<use Images/1.6.3.png>
Package pdftex.def Info: Images/1.6.3.png  used on input line 1882.
(pdftex.def)             Requested size: 153.12323pt x 153.12323pt.

Overfull \hbox (14.22636pt too wide) in paragraph at lines 1901--1901
[] 
 []

) (./Content/C2.tex [18 <./Images/1.6.2.png> <./Images/1.6.3.png>]
Overfull \hbox (14.22636pt too wide) in paragraph at lines 54--54
[] 
 []


Overfull \hbox (14.22636pt too wide) in paragraph at lines 82--82
[] 
 []


Overfull \hbox (14.22635pt too wide) in paragraph at lines 120--120
[] 
 []


Overfull \hbox (14.22635pt too wide) in paragraph at lines 140--140
[] 
 []

[19]
Overfull \hbox (14.22635pt too wide) in paragraph at lines 183--183
[] 
 []


Overfull \hbox (14.22635pt too wide) in paragraph at lines 212--212
[] 
 []


Overfull \hbox (14.22636pt too wide) in paragraph at lines 263--263
[] 
 []

[20]
Overfull \hbox (14.22635pt too wide) in paragraph at lines 292--292
[] 
 []


Overfull \hbox (14.22635pt too wide) in paragraph at lines 303--303
[] 
 []


Overfull \hbox (14.22635pt too wide) in paragraph at lines 313--313
[] 
 []


Overfull \hbox (14.22635pt too wide) in paragraph at lines 326--326
[] 
 []


Overfull \hbox (14.22636pt too wide) in paragraph at lines 359--359
[] 
 []


Overfull \hbox (14.22636pt too wide) in paragraph at lines 389--389
[] 
 []

[21]
Overfull \hbox (14.22636pt too wide) in paragraph at lines 445--445
[] 
 []


Overfull \hbox (14.22636pt too wide) in paragraph at lines 531--531
[] 
 []

[22]
Overfull \hbox (14.22636pt too wide) in paragraph at lines 556--556
[] 
 []


Overfull \hbox (14.22636pt too wide) in paragraph at lines 668--668
[] 
 []


Overfull \hbox (14.22636pt too wide) in paragraph at lines 682--682
[] 
 []

[23]
Overfull \hbox (14.22636pt too wide) in paragraph at lines 711--711
[] 
 []


Overfull \hbox (14.22636pt too wide) in paragraph at lines 758--758
[] 
 []


Overfull \hbox (14.22635pt too wide) in paragraph at lines 804--804
[] 
 []


Overfull \hbox (14.22635pt too wide) in paragraph at lines 838--838
[] 
 []

[24]
Overfull \hbox (14.22635pt too wide) in paragraph at lines 890--890
[] 
 []


Overfull \hbox (14.22635pt too wide) in paragraph at lines 943--943
[] 
 []

[25]
Overfull \hbox (14.22636pt too wide) in paragraph at lines 1091--1091
[] 
 []


Overfull \hbox (14.22636pt too wide) in paragraph at lines 1152--1152
[] 
 []

[26]
Overfull \hbox (14.22636pt too wide) in paragraph at lines 1252--1252
[] 
 []


Overfull \hbox (14.22636pt too wide) in paragraph at lines 1358--1358
[] 
 []

[27]
Overfull \hbox (14.22636pt too wide) in paragraph at lines 1408--1408
[] 
 []


Overfull \hbox (14.22636pt too wide) in paragraph at lines 1427--1427
[] 
 []


Overfull \hbox (14.22636pt too wide) in paragraph at lines 1460--1460
[] 
 []

[28]
Overfull \hbox (14.22636pt too wide) in paragraph at lines 1509--1509
[] 
 []

) (./Content/C3.tex [29]
Overfull \hbox (14.22636pt too wide) in paragraph at lines 80--80
[] 
 []


Overfull \hbox (14.22636pt too wide) in paragraph at lines 150--150
[] 
 []

[30]
Overfull \hbox (14.22636pt too wide) in paragraph at lines 213--213
[] 
 []


Overfull \hbox (14.22636pt too wide) in paragraph at lines 272--272
[] 
 []

[31]
Overfull \hbox (14.22636pt too wide) in paragraph at lines 353--353
[] 
 []


Overfull \hbox (14.22636pt too wide) in paragraph at lines 469--469
[] 
 []

[32]
Overfull \hbox (14.22636pt too wide) in paragraph at lines 542--542
[] 
 []

) (./Content/C4.tex [33] [34]
Overfull \hbox (14.22636pt too wide) in paragraph at lines 226--226
[] 
 []


Overfull \hbox (14.22636pt too wide) in paragraph at lines 249--249
[] 
 []

[35] [36] [37]
Overfull \hbox (14.22636pt too wide) in paragraph at lines 586--586
[] 
 []


Overfull \hbox (14.22636pt too wide) in paragraph at lines 609--609
[] 
 []

[38]
Overfull \hbox (14.22636pt too wide) in paragraph at lines 776--776
[] 
 []

[39]
Overfull \hbox (14.22636pt too wide) in paragraph at lines 886--886
[] 
 []


Overfull \hbox (14.22636pt too wide) in paragraph at lines 944--944
[] 
 []

) (./Content/C5.tex [40]
Overfull \hbox (14.22636pt too wide) in paragraph at lines 69--69
[] 
 []


Overfull \hbox (14.22636pt too wide) in paragraph at lines 85--85
[] 
 []

[41]
Overfull \hbox (14.22636pt too wide) in paragraph at lines 204--204
[] 
 []


Overfull \hbox (14.22636pt too wide) in paragraph at lines 231--231
[] 
 []


Overfull \hbox (14.22636pt too wide) in paragraph at lines 278--278
[] 
 []

[42]
Overfull \hbox (14.22636pt too wide) in paragraph at lines 297--297
[] 
 []


Overfull \hbox (2.61107pt too wide) in paragraph at lines 321--345
[]  $[]$ 
 []


Overfull \hbox (2.61107pt too wide) in paragraph at lines 353--378
[]  $[]$ 
 []


Overfull \hbox (14.22636pt too wide) in paragraph at lines 413--413
[] 
 []

[43]
Overfull \hbox (14.22636pt too wide) in paragraph at lines 493--493
[] 
 []


Overfull \hbox (14.22636pt too wide) in paragraph at lines 538--538
[] 
 []

[44]
Overfull \hbox (14.22636pt too wide) in paragraph at lines 643--643
[] 
 []


Overfull \hbox (14.22636pt too wide) in paragraph at lines 676--676
[] 
 []

[45]
Overfull \hbox (14.22636pt too wide) in paragraph at lines 721--721
[] 
 []


Overfull \hbox (14.22636pt too wide) in paragraph at lines 749--749
[] 
 []


Overfull \hbox (14.22636pt too wide) in paragraph at lines 811--811
[] 
 []

[46]
Overfull \hbox (14.22636pt too wide) in paragraph at lines 900--900
[] 
 []


Overfull \hbox (14.22636pt too wide) in paragraph at lines 931--931
[] 
 []

) (./Content/C6.tex [47]
Overfull \hbox (14.22636pt too wide) in paragraph at lines 89--89
[] 
 []


Overfull \hbox (14.22636pt too wide) in paragraph at lines 132--132
[] 
 []

[48]
Overfull \hbox (14.22636pt too wide) in paragraph at lines 179--179
[] 
 []


Overfull \hbox (2.61107pt too wide) in paragraph at lines 202--231
[]  $[]$ 
 []


Overfull \hbox (14.22636pt too wide) in paragraph at lines 284--284
[] 
 []

[49]
Overfull \hbox (14.22636pt too wide) in paragraph at lines 408--408
[] 
 []


Overfull \hbox (14.22636pt too wide) in paragraph at lines 463--463
[] 
 []

[50]
Overfull \hbox (14.22636pt too wide) in paragraph at lines 539--539
[] 
 []

[51]
Overfull \hbox (14.22636pt too wide) in paragraph at lines 618--618
[] 
 []

) (./Bibliography/Bibliography.tex [52]) 
AED: lastpage setting LastPage
[53] (./main.aux)
Package rerunfilecheck Info: File `main.out' has not changed.
(rerunfilecheck)             Checksum: ED5A5A1E8E87CA8861206D9B64BB13FB;4866.
 ) 
Here is how much of TeX's memory you used:
 13448 strings out of 478599
 202885 string characters out of 5858101
 577941 words of memory out of 5000000
 30871 multiletter control sequences out of 15000+600000
 416179 words of font info for 88 fonts, out of 8000000 for 9000
 1141 hyphenation exceptions out of 8191
 65i,15n,69p,370b,504s stack positions out of 5000i,500n,10000p,200000b,80000s
{c:/texlive/2021/texmf-dist/fonts/enc/dvips/cm-super/cm-super-ts1.enc}<c:/texlive/2021/texmf-dist/fonts/type1/public/amsfonts/cm/cmbx12.pfb><c:/texlive/2021/texmf-dist/fonts/type1/public/amsfonts/cm/cmex10.pfb><c:/texlive/2021/texmf-dist/fonts/type1/public/amsfonts/cmextra/cmex8.pfb><c:/texlive/2021/texmf-dist/fonts/type1/public/amsfonts/cm/cmmi10.pfb><c:/texlive/2021/texmf-dist/fonts/type1/public/amsfonts/cm/cmmi12.pfb><c:/texlive/2021/texmf-dist/fonts/type1/public/amsfonts/cm/cmmi6.pfb><c:/texlive/2021/texmf-dist/fonts/type1/public/amsfonts/cm/cmmi7.pfb><c:/texlive/2021/texmf-dist/fonts/type1/public/amsfonts/cm/cmmi8.pfb><c:/texlive/2021/texmf-dist/fonts/type1/public/amsfonts/cm/cmr10.pfb><c:/texlive/2021/texmf-dist/fonts/type1/public/amsfonts/cm/cmr12.pfb><c:/texlive/2021/texmf-dist/fonts/type1/public/amsfonts/cm/cmr17.pfb><c:/texlive/2021/texmf-dist/fonts/type1/public/amsfonts/cm/cmr6.pfb><c:/texlive/2021/texmf-dist/fonts/type1/public/amsfonts/cm/cmr7.pfb><c:/texlive/2021/texmf-dist/fonts/type1/public/amsfonts/cm/cmr8.pfb><c:/texlive/2021/texmf-dist/fonts/type1/public/amsfonts/cm/cmsy10.pfb><c:/texlive/2021/texmf-dist/fonts/type1/public/amsfonts/cm/cmsy6.pfb><c:/texlive/2021/texmf-dist/fonts/type1/public/amsfonts/cm/cmsy8.pfb><c:/texlive/2021/texmf-dist/fonts/type1/public/amsfonts/cm/cmti12.pfb><c:/texlive/2021/texmf-dist/fonts/type1/public/esint-type1/esint10.pfb><c:/texlive/2021/texmf-dist/fonts/type1/public/amsfonts/symbols/msam10.pfb><c:/texlive/2021/texmf-dist/fonts/type1/public/amsfonts/symbols/msbm10.pfb><c:/texlive/2021/texmf-dist/fonts/type1/public/cm-super/sfrm1200.pfb>
Output written on main.pdf (53 pages, 771963 bytes).
PDF statistics:
 631 PDF objects out of 1000 (max. 8388607)
 502 compressed objects within 6 object streams
 159 named destinations out of 1000 (max. 500000)
 301 words of extra memory for PDF output out of 10000 (max. 10000000)

